This is XeTeX, Version 3.1415926-2.3-0.9997.5 (TeX Live 2011) (format=xelatex 2011.7.3)  8 OCT 2013 19:46
entering extended mode
 restricted \write18 enabled.
 %&-line parsing enabled.
**sla.tex
(./sla.tex
LaTeX2e <2009/09/24>
Babel <v3.8l> and hyphenation patterns for english, dumylang, nohyphenation, ge
rman-x-2009-06-19, ngerman-x-2009-06-19, afrikaans, ancientgreek, ibycus, arabi
c, armenian, basque, bulgarian, catalan, pinyin, coptic, croatian, czech, danis
h, dutch, ukenglish, usenglishmax, esperanto, estonian, ethiopic, farsi, finnis
h, french, galician, german, ngerman, swissgerman, monogreek, greek, hungarian,
 icelandic, assamese, bengali, gujarati, hindi, kannada, malayalam, marathi, or
iya, panjabi, tamil, telugu, indonesian, interlingua, irish, italian, kurmanji,
 lao, latin, latvian, lithuanian, mongolian, mongolianlmc, bokmal, nynorsk, pol
ish, portuguese, romanian, russian, sanskrit, serbian, serbianc, slovak, sloven
ian, spanish, swedish, turkish, turkmen, ukrainian, uppersorbian, welsh, loaded
.
(/usr/local/texlive/2011/texmf-dist/tex/latex/base/article.cls
Document Class: article 2007/10/19 v1.4h Standard LaTeX document class
(/usr/local/texlive/2011/texmf-dist/tex/latex/base/fleqn.clo
File: fleqn.clo 1998/08/17 v1.1c Standard LaTeX option (flush left equations)
\mathindent=\dimen102
)
(/usr/local/texlive/2011/texmf-dist/tex/latex/base/size11.clo
File: size11.clo 2007/10/19 v1.4h Standard LaTeX file (size option)
)
\c@part=\count80
\c@section=\count81
\c@subsection=\count82
\c@subsubsection=\count83
\c@paragraph=\count84
\c@subparagraph=\count85
\c@figure=\count86
\c@table=\count87
\abovecaptionskip=\skip41
\belowcaptionskip=\skip42
\bibindent=\dimen103
)
\oldspacing=\skip43

No file sla.aux.
\openout1 = `sla.aux'.

LaTeX Font Info:    Checking defaults for OML/cmm/m/it on input line 238.
LaTeX Font Info:    ... okay on input line 238.
LaTeX Font Info:    Checking defaults for T1/cmr/m/n on input line 238.
LaTeX Font Info:    ... okay on input line 238.
LaTeX Font Info:    Checking defaults for OT1/cmr/m/n on input line 238.
LaTeX Font Info:    ... okay on input line 238.
LaTeX Font Info:    Checking defaults for OMS/cmsy/m/n on input line 238.
LaTeX Font Info:    ... okay on input line 238.
LaTeX Font Info:    Checking defaults for OMX/cmex/m/n on input line 238.
LaTeX Font Info:    ... okay on input line 238.
LaTeX Font Info:    Checking defaults for U/cmr/m/n on input line 238.
LaTeX Font Info:    ... okay on input line 238.
[1

]
LaTeX Font Info:    External font `cmex10' loaded for size
(Font)              <10.95> on input line 284.
LaTeX Font Info:    External font `cmex10' loaded for size
(Font)              <8> on input line 284.
LaTeX Font Info:    External font `cmex10' loaded for size
(Font)              <6> on input line 284.
LaTeX Font Info:    Try loading font information for OMS+cmr on input line 298.

 (/usr/local/texlive/2011/texmf-dist/tex/latex/base/omscmr.fd
File: omscmr.fd 1999/05/25 v2.5h Standard LaTeX font definitions
)
LaTeX Font Info:    Font shape `OMS/cmr/m/n' in size <10> not available
(Font)              Font shape `OMS/cmsy/m/n' tried instead on input line 298.
 [2]
No file sla.toc.
\tf@toc=\write3
\openout3 = `sla.toc'.

[3] [4

]
LaTeX Font Info:    External font `cmex10' loaded for size
(Font)              <9> on input line 331.
LaTeX Font Info:    External font `cmex10' loaded for size
(Font)              <5> on input line 331.

Overfull \hbox (3.56297pt too wide) in paragraph at lines 330--342
\OT1/cmr/m/n/10.95 SLALIB/C[] is a li-brary of ANSI C func-tions that make ac-c
u-rate and re-li-able positional-astronomy
 []

[1]
LaTeX Font Info:    Font shape `OMS/cmr/m/n' in size <10.95> not available
(Font)              Font shape `OMS/cmsy/m/n' tried instead on input line 430.
 [2] [3] [4] [5] [6]
Overfull \hbox (2.43271pt too wide) in paragraph at lines 738--749
[]\OT1/cmr/m/n/10.95 The func-tions \OT1/cmtt/m/n/10.95 slaSepv\OT1/cmr/m/n/10.
95 , \OT1/cmtt/m/n/10.95 slaDsepv\OT1/cmr/m/n/10.95 , \OT1/cmtt/m/n/10.95 slaPa
v\OT1/cmr/m/n/10.95 , \OT1/cmtt/m/n/10.95 slaDpav \OT1/cmr/m/n/10.95 are equiv-
a-lents of \OT1/cmtt/m/n/10.95 slaSep\OT1/cmr/m/n/10.95 , \OT1/cmtt/m/n/10.95 s
laDsep\OT1/cmr/m/n/10.95 , \OT1/cmtt/m/n/10.95 slaBear
 []

[7] [8]

LaTeX Warning: Reference `exDafin' on page 9 undefined on input line 830.

[9] [10] [11] [12]

LaTeX Warning: Reference `figclass' on page 13 undefined on input line 1219.

LaTeX Font Info:    External font `cmex10' loaded for size
(Font)              <7> on input line 1312.

LaTeX Warning: Float too large for page by 12.05879pt on input line 1323.


LaTeX Warning: Reference `hipicrs' on page 13 undefined on input line 1343.

[13] [14] [15] [16] [17] [18]

LaTeX Warning: Reference `figclass' on page 19 undefined on input line 1668.

[19] [20]

LaTeX Warning: Reference `figclass' on page 21 undefined on input line 1826.


LaTeX Warning: Reference `figclass' on page 21 undefined on input line 1856.

[21] [22] [23] [24] [25] [26] [27] [28]

LaTeX Warning: Reference `timescales' on page 29 undefined on input line 2381.


LaTeX Warning: Reference `UTC' on page 29 undefined on input line 2487.

[29] [30] [31] [32] [33] [34] [35] [36] [37]
Underfull \vbox (badness 10000) has occurred while \output is active []

 [38]
[39]
Underfull \vbox (badness 10000) has occurred while \output is active []

 [40]
[41]
Underfull \vbox (badness 10000) has occurred while \output is active []

 [42]
[43] [44]
Underfull \hbox (badness 10000) in paragraph at lines 3500--3527

 []

[45] [46]
Underfull \vbox (badness 10000) has occurred while \output is active []

 [47]
[48] [49] [50] [51]
Overfull \hbox (10.39963pt too wide) in paragraph at lines 4061--4061
[]         \OT1/cmtt/m/n/10.95 double a[MP][NP], w[NP], v[NP][NP], work[NP], b[
MP], x[NP], cvm[NC][NC];[] 
 []


Underfull \vbox (badness 10000) has occurred while \output is active []

 [52]
Overfull \hbox (21.897pt too wide) in paragraph at lines 4061--4061
[]            \OT1/cmtt/m/n/10.95 printf ( "C%1d = %+7.3f +/- %6.3f\n", i+1, x[
i], sqrt(var*cvm[i][i]) );[] 
 []


Underfull \vbox (badness 10000) has occurred while \output is active []

 [53]
[54] [55]
Overfull \hbox (3.70517pt too wide) in paragraph at lines 4184--4230
\OT1/cmr/m/n/10.95 A fur-ther call to \OT1/cmtt/m/n/10.95 slaAfin\OT1/cmr/m/n/1
0.95 , with-out ad-just-ment of \OT1/cmtt/m/n/10.95 nstrt\OT1/cmr/m/n/10.95 , w
ill de-code the sec-ond an-gle, $12[] 34[] $$56 $[]$ \OML/cmm/m/it/10.95 :\OT1/
cmr/m/n/10.95 7$.
 []

[56] [57] [58] [59] [60] [61] [62] [63] [64] [65] [66] [67] [68] [69] [70]
[71] [72] [73] [74] [75] [76] [77] [78] [79] [80] [81]
LaTeX Font Info:    External font `cmex10' loaded for size
(Font)              <14.4> on input line 5600.
 [82] [83] [84] [85]
[86] [87] [88] [89] [90] [91] [92] [93] [94] [95] [96] [97] [98] [99] [100]
[101] [102] [103] [104] [105] [106] [107] [108] [109] [110] [111] [112]
[113] [114] [115]
Overfull \hbox (9.73465pt too wide) in paragraph at lines 7408--7408
[]\OT1/cmr/m/n/10.95 The al-go-rithm was orig-i-nally adapted from the \OT1/cmt
t/m/n/10.95 EPHSLA \OT1/cmr/m/n/10.95 For-tran pro-gram of D.H.P.Jones
 []

[116] [117] [118]
Overfull \hbox (2.2353pt too wide) in paragraph at lines 7558--7558
[]\OT1/cmr/m/n/10.95 The func-tion is a \OT1/cmr/m/it/10.95 sim-pli-fied so-lu-
tion \OT1/cmr/m/n/10.95 from the plan-e-tary the-ory VSOP2000 (X.Moisson,
 []

[119] [120] [121] [122] [123] [124]
Underfull \vbox (badness 2932) has occurred while \output is active []

 [125]
[126] [127] [128] [129] [130] [131] [132] [133] [134] [135] [136] [137]
[138] [139] [140] [141] [142] [143] [144] [145] [146] [147] [148] [149]
[150] [151] [152] [153] [154] [155] [156] [157] [158] [159] [160] [161]
Underfull \vbox (badness 10000) has occurred while \output is active []

 [162]
[163] [164] [165] [166] [167] [168] [169] [170] [171] [172] [173]
Overfull \hbox (9.73465pt too wide) in paragraph at lines 10517--10517
[]\OT1/cmr/m/n/10.95 The al-go-rithm was orig-i-nally adapted from the \OT1/cmt
t/m/n/10.95 EPHSLA \OT1/cmr/m/n/10.95 For-tran pro-gram of D.H.P.Jones
 []

[174] [175]
Underfull \vbox (badness 2302) has occurred while \output is active []

 [176]
[177] [178]

LaTeX Warning: Reference `ephem' on page 179 undefined on input line 10804.

[179] [180] [181] [182] [183] [184] [185] [186] [187] [188] [189] [190]
[191] [192] [193]
Overfull \hbox (4.15498pt too wide) in paragraph at lines 11614--11614
[]\OT1/cmr/m/n/10.95 Simon,J.L., Bre-tagnon,P., Chapront,J., Chapront-Touze,M.,
 Fran-cou,G. & Laskar,J.
 []

[194] [195] [196] [197] [198] [199] [200] [201] [202] [203] [204] [205]
[206] [207] [208] [209] [210] [211]
Overfull \hbox (10.72603pt too wide) in paragraph at lines 12682--12682
[]\OT1/cmr/m/n/10.95 Wilkinson & Rein-sch 1971, \OT1/cmr/m/it/10.95 Hand-book f
or Au-to-matic Com-pu-ta-tion\OT1/cmr/m/n/10.95 , vol 2, ed, Bauer \OT1/cmr/m/i
t/10.95 et al.\OT1/cmr/m/n/10.95 ,
 []

[212] [213] [214] [215] [216] [217] [218] [219] [220] [221] [222]
Overfull \hbox (9.73465pt too wide) in paragraph at lines 13250--13250
[]\OT1/cmr/m/n/10.95 The al-go-rithm was orig-i-nally adapted from the \OT1/cmt
t/m/n/10.95 EPHSLA \OT1/cmr/m/n/10.95 For-tran pro-gram of D.H.P.Jones
 []

[223] [224] [225] [226] [227] [228] [229] [230] [231] [232] [233] [234]
[235] [236] [237] [238] [239] (./sla.aux)

LaTeX Warning: There were undefined references.


LaTeX Warning: Label(s) may have changed. Rerun to get cross-references right.

 ) 
Here is how much of TeX's memory you used:
 389 strings out of 494150
 4054 string characters out of 3152950
 66427 words of memory out of 3000000
 3694 multiletter control sequences out of 15000+200000
 18506 words of font info for 65 fonts, out of 3000000 for 9000
 1018 hyphenation exceptions out of 8191
 23i,12n,24p,166b,358s stack positions out of 5000i,500n,10000p,200000b,50000s

Output written on sla.pdf (243 pages).
